<?xml version="1.0" encoding="UTF-8"?>
<!-- Generated by org.testng.reporters.JUnitXMLReporter -->
<testsuite ignored="0" hostname="DESKTOP-4IMJ5PC" failures="0" tests="3" name="Submit Order Test" time="74.356" errors="0" timestamp="28 Apr 2023 14:18:24 GMT">
  <testcase classname="KSKAcademy.tests.submitOrderTest" name="submitOrder" time="24.963"/>
  <testcase classname="KSKAcademy.tests.submitOrderTest" name="submitOrder" time="24.707"/>
  <testcase classname="KSKAcademy.tests.submitOrderTest" name="OrderHistoryTest" time="0.781"/>
</testsuite> <!-- Submit Order Test -->
