<?xml version="1.0" encoding="UTF-8"?>
<!-- Generated by org.testng.reporters.JUnitXMLReporter -->
<testsuite ignored="0" hostname="DESKTOP-4IMJ5PC" failures="0" tests="2" name="Error Validations Test" time="119.948" errors="0" timestamp="24 May 2023 14:50:55 GMT">
  <testcase classname="KSKAcademy.tests.ErrorValidationsTest" name="loginErrorValidation" time="7.598"/>
  <testcase classname="KSKAcademy.tests.ErrorValidationsTest" name="productErrorValidation" time="24.147"/>
</testsuite> <!-- Error Validations Test -->
