<?xml version="1.0" encoding="UTF-8"?>
<!-- Generated by org.testng.reporters.JUnitXMLReporter -->
<testsuite ignored="0" hostname="DESKTOP-4IMJ5PC" failures="0" tests="3" name="Submit Order Test" time="167.977" errors="0" timestamp="24 May 2023 14:51:43 GMT">
  <testcase classname="KSKAcademy.tests.submitOrderTest" name="submitOrder" time="40.631"/>
  <testcase classname="KSKAcademy.tests.submitOrderTest" name="submitOrder" time="25.431"/>
  <testcase classname="KSKAcademy.tests.submitOrderTest" name="OrderHistoryTest" time="1.668"/>
</testsuite> <!-- Submit Order Test -->
