<?xml version="1.0" encoding="UTF-8"?>
<testng-results ignored="0" total="5" passed="5" failed="0" skipped="0">
  <reporter-output>
  </reporter-output>
  <suite started-at="2023-05-24T14:48:55Z" name="Suite" finished-at="2023-05-24T14:51:43Z" duration-ms="167977">
    <groups>
      <group name="ErrorHandling">
        <method signature="ErrorValidationsTest.loginErrorValidation()[pri:0, instance:KSKAcademy.tests.ErrorValidationsTest@18a136ac]" name="loginErrorValidation" class="KSKAcademy.tests.ErrorValidationsTest"/>
      </group> <!-- ErrorHandling -->
      <group name="purchase">
        <method signature="submitOrderTest.submitOrder(java.util.HashMap)[pri:0, instance:KSKAcademy.tests.submitOrderTest@460ebd80]" name="submitOrder" class="KSKAcademy.tests.submitOrderTest"/>
      </group> <!-- purchase -->
    </groups>
    <test started-at="2023-05-24T14:48:55Z" name="Error Validations Test" finished-at="2023-05-24T14:50:55Z" duration-ms="119948">
      <class name="KSKAcademy.tests.ErrorValidationsTest">
        <test-method is-config="true" signature="launchApplication()[pri:0, instance:KSKAcademy.tests.ErrorValidationsTest@18a136ac]" started-at="2023-05-24T14:48:55Z" name="launchApplication" finished-at="2023-05-24T14:49:56Z" duration-ms="61577" status="PASS">
          <reporter-output>
          </reporter-output>
        </test-method> <!-- launchApplication -->
        <test-method signature="loginErrorValidation()[pri:0, instance:KSKAcademy.tests.ErrorValidationsTest@18a136ac]" started-at="2023-05-24T14:49:56Z" name="loginErrorValidation" finished-at="2023-05-24T14:50:04Z" duration-ms="7598" status="PASS">
          <reporter-output>
          </reporter-output>
        </test-method> <!-- loginErrorValidation -->
        <test-method is-config="true" signature="tearDown()[pri:0, instance:KSKAcademy.tests.ErrorValidationsTest@18a136ac]" started-at="2023-05-24T14:50:04Z" name="tearDown" finished-at="2023-05-24T14:50:10Z" duration-ms="5566" status="PASS">
          <reporter-output>
          </reporter-output>
        </test-method> <!-- tearDown -->
        <test-method is-config="true" signature="launchApplication()[pri:0, instance:KSKAcademy.tests.ErrorValidationsTest@18a136ac]" started-at="2023-05-24T14:50:10Z" name="launchApplication" finished-at="2023-05-24T14:50:27Z" duration-ms="16887" status="PASS">
          <reporter-output>
          </reporter-output>
        </test-method> <!-- launchApplication -->
        <test-method signature="productErrorValidation()[pri:0, instance:KSKAcademy.tests.ErrorValidationsTest@18a136ac]" started-at="2023-05-24T14:50:27Z" name="productErrorValidation" finished-at="2023-05-24T14:50:51Z" duration-ms="24147" status="PASS">
          <reporter-output>
          </reporter-output>
        </test-method> <!-- productErrorValidation -->
        <test-method is-config="true" signature="tearDown()[pri:0, instance:KSKAcademy.tests.ErrorValidationsTest@18a136ac]" started-at="2023-05-24T14:50:51Z" name="tearDown" finished-at="2023-05-24T14:50:55Z" duration-ms="4129" status="PASS">
          <reporter-output>
          </reporter-output>
        </test-method> <!-- tearDown -->
      </class> <!-- KSKAcademy.tests.ErrorValidationsTest -->
    </test> <!-- Error Validations Test -->
    <test started-at="2023-05-24T14:48:55Z" name="Submit Order Test" finished-at="2023-05-24T14:51:43Z" duration-ms="167977">
      <class name="KSKAcademy.tests.submitOrderTest">
        <test-method is-config="true" signature="launchApplication()[pri:0, instance:KSKAcademy.tests.submitOrderTest@460ebd80]" started-at="2023-05-24T14:48:55Z" name="launchApplication" finished-at="2023-05-24T14:49:56Z" duration-ms="61130" status="PASS">
          <reporter-output>
          </reporter-output>
        </test-method> <!-- launchApplication -->
        <test-method signature="submitOrder(java.util.HashMap)[pri:0, instance:KSKAcademy.tests.submitOrderTest@460ebd80]" started-at="2023-05-24T14:49:56Z" name="submitOrder" data-provider="getData" finished-at="2023-05-24T14:50:37Z" duration-ms="40631" status="PASS">
          <params>
            <param index="0">
              <value>
                <![CDATA[{password=Iamking@000, product=ZARA COAT 3, email=anshika@gmail.com}]]>
              </value>
            </param>
          </params>
          <reporter-output>
          </reporter-output>
        </test-method> <!-- submitOrder -->
        <test-method is-config="true" signature="tearDown()[pri:0, instance:KSKAcademy.tests.submitOrderTest@460ebd80]" started-at="2023-05-24T14:50:37Z" name="tearDown" finished-at="2023-05-24T14:50:43Z" duration-ms="5992" status="PASS">
          <reporter-output>
          </reporter-output>
        </test-method> <!-- tearDown -->
        <test-method is-config="true" signature="launchApplication()[pri:0, instance:KSKAcademy.tests.submitOrderTest@460ebd80]" started-at="2023-05-24T14:50:43Z" name="launchApplication" finished-at="2023-05-24T14:51:01Z" duration-ms="17467" status="PASS">
          <reporter-output>
          </reporter-output>
        </test-method> <!-- launchApplication -->
        <test-method signature="submitOrder(java.util.HashMap)[pri:0, instance:KSKAcademy.tests.submitOrderTest@460ebd80]" started-at="2023-05-24T14:51:01Z" name="submitOrder" data-provider="getData" finished-at="2023-05-24T14:51:26Z" duration-ms="25431" status="PASS">
          <params>
            <param index="0">
              <value>
                <![CDATA[{password=Iamking@000, product=ADIDAS ORIGINAL, email=shetty@gmail.com}]]>
              </value>
            </param>
          </params>
          <reporter-output>
          </reporter-output>
        </test-method> <!-- submitOrder -->
        <test-method is-config="true" signature="tearDown()[pri:0, instance:KSKAcademy.tests.submitOrderTest@460ebd80]" started-at="2023-05-24T14:51:26Z" name="tearDown" finished-at="2023-05-24T14:51:28Z" duration-ms="2245" status="PASS">
          <reporter-output>
          </reporter-output>
        </test-method> <!-- tearDown -->
        <test-method is-config="true" signature="launchApplication()[pri:0, instance:KSKAcademy.tests.submitOrderTest@460ebd80]" started-at="2023-05-24T14:51:28Z" name="launchApplication" finished-at="2023-05-24T14:51:38Z" duration-ms="9351" status="PASS">
          <reporter-output>
          </reporter-output>
        </test-method> <!-- launchApplication -->
        <test-method signature="OrderHistoryTest()[pri:0, instance:KSKAcademy.tests.submitOrderTest@460ebd80]" started-at="2023-05-24T14:51:38Z" name="OrderHistoryTest" finished-at="2023-05-24T14:51:39Z" depends-on-methods="KSKAcademy.tests.submitOrderTest.submitOrder" duration-ms="1668" status="PASS">
          <reporter-output>
          </reporter-output>
        </test-method> <!-- OrderHistoryTest -->
        <test-method is-config="true" signature="tearDown()[pri:0, instance:KSKAcademy.tests.submitOrderTest@460ebd80]" started-at="2023-05-24T14:51:39Z" name="tearDown" finished-at="2023-05-24T14:51:43Z" duration-ms="3602" status="PASS">
          <reporter-output>
          </reporter-output>
        </test-method> <!-- tearDown -->
      </class> <!-- KSKAcademy.tests.submitOrderTest -->
    </test> <!-- Submit Order Test -->
  </suite> <!-- Suite -->
</testng-results>
